Using pre-set license
Built from '2020.3/release' branch; Version is '2020.3.1f1 (77a89f25062f) revision 7841951'; Using compiler version '192528614'; Build Type 'Release'
OS: 'Windows 10 Home Single Language; OS build 19044.1620; Version 2009; 64bit' Language: 'en' Physical Memory: 16185 MB
BatchMode: 1, IsHumanControllingUs: 0, StartBugReporterOnCrash: 0, Is64bit: 1, IsPro: 0

 COMMAND LINE ARGUMENTS:
C:\Program Files\Unity\Hub\Editor\2020.3.1f1\Editor\Unity.exe
-adb2
-batchMode
-noUpm
-name
AssetImportWorker0
-projectPath
C:/Users/USER/Downloads/Learn Unity
-logFile
Logs/AssetImportWorker0.log
-srvPort
63182
Successfully changed project path to: C:/Users/USER/Downloads/Learn Unity
C:/Users/USER/Downloads/Learn Unity
Using Asset Import Pipeline V2.
Refreshing native plugins compatible for Editor in 29.54 ms, found 0 plugins.
Preloading 0 native plugins for Editor in 0.00 ms.
Initialize engine version: 2020.3.1f1 (77a89f25062f)
[Subsystems] Discovering subsystems at path C:/Program Files/Unity/Hub/Editor/2020.3.1f1/Editor/Data/Resources/UnitySubsystems
[Subsystems] Discovering subsystems at path C:/Users/USER/Downloads/Learn Unity/Assets
GfxDevice: creating device client; threaded=0
Direct3D:
    Version:  Direct3D 11.0 [level 11.1]
    Renderer: Intel(R) UHD Graphics (ID=0x9bc4)
    Vendor:   
    VRAM:     8092 MB
    Driver:   30.0.101.1273
Initialize mono
Mono path[0] = 'C:/Program Files/Unity/Hub/Editor/2020.3.1f1/Editor/Data/Managed'
Mono path[1] = 'C:/Program Files/Unity/Hub/Editor/2020.3.1f1/Editor/Data/MonoBleedingEdge/lib/mono/unityjit'
Mono config path = 'C:/Program Files/Unity/Hub/Editor/2020.3.1f1/Editor/Data/MonoBleedingEdge/etc'
Using monoOptions --debugger-agent=transport=dt_socket,embedding=1,server=y,suspend=n,address=127.0.0.1:56852
Begin MonoManager ReloadAssembly
Registering precompiled unity dll's ...
Register platform support module: C:/Program Files/Unity/Hub/Editor/2020.3.1f1/Editor/Data/PlaybackEngines/WebGLSupport/UnityEditor.WebGL.Extensions.dll
Register platform support module: C:/Program Files/Unity/Hub/Editor/2020.3.1f1/Editor/Data/PlaybackEngines/WindowsStandaloneSupport/UnityEditor.WindowsStandalone.Extensions.dll
Registered in 0.002979 seconds.
Native extension for WindowsStandalone target not found
Native extension for WebGL target not found
Refreshing native plugins compatible for Editor in 29.92 ms, found 0 plugins.
Preloading 0 native plugins for Editor in 0.00 ms.
Invoked RoslynAnalysisRunner static constructor.
RoslynAnalysisRunner will not be running.
RoslynAnalysisRunner has terminated.
Mono: successfully reloaded assembly
- Completed reload, in  1.581 seconds
Platform modules already initialized, skipping
Registering precompiled user dll's ...
Registered in 0.000762 seconds.
Begin MonoManager ReloadAssembly
Native extension for WindowsStandalone target not found
Native extension for WebGL target not found
Refreshing native plugins compatible for Editor in 0.29 ms, found 0 plugins.
Preloading 0 native plugins for Editor in 0.00 ms.
Invoked RoslynAnalysisRunner static constructor.
RoslynAnalysisRunner will not be running.
RoslynAnalysisRunner has terminated.
Mono: successfully reloaded assembly
- Completed reload, in  0.904 seconds
Platform modules already initialized, skipping
========================================================================
Worker process is ready to serve import requests
Launched and connected shader compiler UnityShaderCompiler.exe after 0.05 seconds
Refreshing native plugins compatible for Editor in 0.23 ms, found 0 plugins.
Preloading 0 native plugins for Editor in 0.00 ms.
Unloading 1113 Unused Serialized files (Serialized files now loaded: 0)
System memory in use before: 57.0 MB.
System memory in use after: 57.0 MB.

Unloading 10 unused Assets to reduce memory usage. Loaded Objects now: 1555.
Total: 2.598700 ms (FindLiveObjects: 0.197200 ms CreateObjectMapping: 0.055200 ms MarkObjects: 2.230400 ms  DeleteObjects: 0.113500 ms)

========================================================================
Received Import Request.
  path: Assets/Ground textures pack/Dry ground/preview.jpg
  artifactKey: Guid(4602e8f26b3f5b24d8e4fd1af5e63cfb) Importer(815301076,1909f56bfc062723c751e8b465ee728b)
Start importing Assets/Ground textures pack/Dry ground/preview.jpg using Guid(4602e8f26b3f5b24d8e4fd1af5e63cfb) Importer(815301076,1909f56bfc062723c751e8b465ee728b)  -> (artifact id: 'dbde1cd00ad2cc71bd88f964aaf41b20') in 0.233790 seconds
  Import took 0.236956 seconds .

========================================================================
Received Import Request.
  Time since last request: 0.000320 seconds.
  path: Assets/Ground textures pack/Dry ground/diffuse.tga
  artifactKey: Guid(f5d1de47f0f760544a5596ceb8cc895f) Importer(815301076,1909f56bfc062723c751e8b465ee728b)
Start importing Assets/Ground textures pack/Dry ground/diffuse.tga using Guid(f5d1de47f0f760544a5596ceb8cc895f) Importer(815301076,1909f56bfc062723c751e8b465ee728b)  -> (artifact id: '170f0fd586e89582c08ff3fa6732e117') in 0.346820 seconds
  Import took 0.350947 seconds .

========================================================================
Received Import Request.
  Time since last request: 0.000723 seconds.
  path: Assets/Ground textures pack/Dry ground/Dry ground pattern.mat
  artifactKey: Guid(d805d830c4023774cb6259aca09f431e) Importer(815301076,1909f56bfc062723c751e8b465ee728b)
Start importing Assets/Ground textures pack/Dry ground/Dry ground pattern.mat using Guid(d805d830c4023774cb6259aca09f431e) Importer(815301076,1909f56bfc062723c751e8b465ee728b)  -> (artifact id: 'b2e80ed03518f4738d3d10a277d5c6c3') in 0.261617 seconds
  Import took 0.265093 seconds .

========================================================================
Received Import Request.
  Time since last request: 0.000281 seconds.
  path: Assets/Ground textures pack/Dry ground
  artifactKey: Guid(621671ffee099784e9d8674e1996bce4) Importer(815301076,1909f56bfc062723c751e8b465ee728b)
Start importing Assets/Ground textures pack/Dry ground using Guid(621671ffee099784e9d8674e1996bce4) Importer(815301076,1909f56bfc062723c751e8b465ee728b)  -> (artifact id: '498d678da28afc8ff724b3a64942e7d0') in 0.006181 seconds
  Import took 0.008129 seconds .

========================================================================
Received Import Request.
  Time since last request: 0.000321 seconds.
  path: Assets/Ground textures pack/Dry ground/normal.tga
  artifactKey: Guid(af579c7a89d15d24eb8c925a43a236cf) Importer(815301076,1909f56bfc062723c751e8b465ee728b)
Start importing Assets/Ground textures pack/Dry ground/normal.tga using Guid(af579c7a89d15d24eb8c925a43a236cf) Importer(815301076,1909f56bfc062723c751e8b465ee728b)  -> (artifact id: '44e0da024f4051fda118cbf963645a10') in 0.027402 seconds
  Import took 0.029664 seconds .

========================================================================
Received Import Request.
  Time since last request: 2.760115 seconds.
  path: Assets/Ground textures pack/Dry ground/Materials
  artifactKey: Guid(462efcff7da0d0a4bbf3bbf0f0cfc74c) Importer(815301076,1909f56bfc062723c751e8b465ee728b)
Start importing Assets/Ground textures pack/Dry ground/Materials using Guid(462efcff7da0d0a4bbf3bbf0f0cfc74c) Importer(815301076,1909f56bfc062723c751e8b465ee728b)  -> (artifact id: '75aeb89841145bb9c6eece3a07c27101') in 0.007334 seconds
  Import took 0.009771 seconds .

========================================================================
Received Import Request.
  Time since last request: 0.036539 seconds.
  path: Assets/Ground textures pack/Dry ground/Materials/diffuse.mat
  artifactKey: Guid(4d8785aeae82bc64e8916163fb1ee3c2) Importer(815301076,1909f56bfc062723c751e8b465ee728b)
Start importing Assets/Ground textures pack/Dry ground/Materials/diffuse.mat using Guid(4d8785aeae82bc64e8916163fb1ee3c2) Importer(815301076,1909f56bfc062723c751e8b465ee728b)  -> (artifact id: 'bef00c04c8d73958db222821085df81d') in 0.022378 seconds
  Import took 0.025210 seconds .

========================================================================
Received Import Request.
  Time since last request: 34.300646 seconds.
  path: Assets/Ground textures pack/Ground 02
  artifactKey: Guid(c9e431e0edbc84e4c9d0f812cd98012a) Importer(815301076,1909f56bfc062723c751e8b465ee728b)
Start importing Assets/Ground textures pack/Ground 02 using Guid(c9e431e0edbc84e4c9d0f812cd98012a) Importer(815301076,1909f56bfc062723c751e8b465ee728b)  -> (artifact id: '0018f2fe9a794918b5f4ba5a97cfc0b2') in 0.007525 seconds
  Import took 0.010696 seconds .

========================================================================
Received Import Request.
  Time since last request: 0.044151 seconds.
  path: Assets/Ground textures pack/Ground 02/diffuse.tga
  artifactKey: Guid(cd4f831376722b54bbadd59ef7c6c744) Importer(815301076,1909f56bfc062723c751e8b465ee728b)
Start importing Assets/Ground textures pack/Ground 02/diffuse.tga using Guid(cd4f831376722b54bbadd59ef7c6c744) Importer(815301076,1909f56bfc062723c751e8b465ee728b)  -> (artifact id: '99f88ca56b39c145c34feb25edc7772e') in 0.032853 seconds
  Import took 0.035985 seconds .

========================================================================
Received Import Request.
  Time since last request: 0.000436 seconds.
  path: Assets/Ground textures pack/Ground 02/preview.jpg
  artifactKey: Guid(37779bd72b60e0d4395ece867eb81c63) Importer(815301076,1909f56bfc062723c751e8b465ee728b)
Start importing Assets/Ground textures pack/Ground 02/preview.jpg using Guid(37779bd72b60e0d4395ece867eb81c63) Importer(815301076,1909f56bfc062723c751e8b465ee728b)  -> (artifact id: '90ed10a078465bf4de33bd59da91c614') in 0.024599 seconds
  Import took 0.028379 seconds .

========================================================================
Received Import Request.
  Time since last request: 0.000471 seconds.
  path: Assets/Ground textures pack/Ground 02/Ground pattern 02.mat
  artifactKey: Guid(36508c771463abf43b7135d9539897e7) Importer(815301076,1909f56bfc062723c751e8b465ee728b)
Start importing Assets/Ground textures pack/Ground 02/Ground pattern 02.mat using Guid(36508c771463abf43b7135d9539897e7) Importer(815301076,1909f56bfc062723c751e8b465ee728b)  -> (artifact id: 'dbbf555ed9e3915b9e522660ba6cdbf1') in 0.037638 seconds
  Import took 0.040423 seconds .

========================================================================
Received Import Request.
  Time since last request: 0.000294 seconds.
  path: Assets/Ground textures pack/Ground 02/normal.tga
  artifactKey: Guid(bf5346a62bd7d0b43a30d8188cf4163e) Importer(815301076,1909f56bfc062723c751e8b465ee728b)
Start importing Assets/Ground textures pack/Ground 02/normal.tga using Guid(bf5346a62bd7d0b43a30d8188cf4163e) Importer(815301076,1909f56bfc062723c751e8b465ee728b)  -> (artifact id: '08801031d3b19f23c5536ccc636753b0') in 0.014543 seconds
  Import took 0.017020 seconds .

========================================================================
Received Prepare
Registering precompiled user dll's ...
Registered in 0.001003 seconds.
Begin MonoManager ReloadAssembly
Native extension for WindowsStandalone target not found
Native extension for WebGL target not found
Refreshing native plugins compatible for Editor in 0.22 ms, found 0 plugins.
Preloading 0 native plugins for Editor in 0.00 ms.
Invoked RoslynAnalysisRunner static constructor.
RoslynAnalysisRunner will not be running.
RoslynAnalysisRunner has terminated.
Mono: successfully reloaded assembly
- Completed reload, in  0.845 seconds
Platform modules already initialized, skipping
Refreshing native plugins compatible for Editor in 0.24 ms, found 0 plugins.
Preloading 0 native plugins for Editor in 0.00 ms.
Unloading 1108 Unused Serialized files (Serialized files now loaded: 0)
System memory in use before: 61.2 MB.
System memory in use after: 61.3 MB.

Unloading 5 unused Assets to reduce memory usage. Loaded Objects now: 1604.
Total: 2.167200 ms (FindLiveObjects: 0.151300 ms CreateObjectMapping: 0.043900 ms MarkObjects: 1.906100 ms  DeleteObjects: 0.064800 ms)

========================================================================
Received Prepare
Refreshing native plugins compatible for Editor in 0.86 ms, found 0 plugins.
Preloading 0 native plugins for Editor in 0.00 ms.
Unloading 3 Unused Serialized files (Serialized files now loaded: 0)
System memory in use before: 39.3 MB.
System memory in use after: 39.4 MB.

Unloading 3 unused Assets to reduce memory usage. Loaded Objects now: 1604.
Total: 1.863200 ms (FindLiveObjects: 0.258500 ms CreateObjectMapping: 0.064100 ms MarkObjects: 1.490700 ms  DeleteObjects: 0.048500 ms)

========================================================================
Received Prepare
Refreshing native plugins compatible for Editor in 0.79 ms, found 0 plugins.
Preloading 0 native plugins for Editor in 0.00 ms.
Unloading 3 Unused Serialized files (Serialized files now loaded: 0)
System memory in use before: 39.3 MB.
System memory in use after: 39.4 MB.

Unloading 3 unused Assets to reduce memory usage. Loaded Objects now: 1604.
Total: 1.912400 ms (FindLiveObjects: 0.197700 ms CreateObjectMapping: 0.069600 ms MarkObjects: 1.595500 ms  DeleteObjects: 0.048600 ms)

========================================================================
Received Prepare
Refreshing native plugins compatible for Editor in 0.80 ms, found 0 plugins.
Preloading 0 native plugins for Editor in 0.00 ms.
Unloading 3 Unused Serialized files (Serialized files now loaded: 0)
System memory in use before: 39.3 MB.
System memory in use after: 39.4 MB.

Unloading 3 unused Assets to reduce memory usage. Loaded Objects now: 1604.
Total: 2.301500 ms (FindLiveObjects: 0.148200 ms CreateObjectMapping: 0.038700 ms MarkObjects: 2.060900 ms  DeleteObjects: 0.052100 ms)

========================================================================
Received Prepare
Refreshing native plugins compatible for Editor in 2.76 ms, found 0 plugins.
Preloading 0 native plugins for Editor in 0.00 ms.
Unloading 3 Unused Serialized files (Serialized files now loaded: 0)
System memory in use before: 39.3 MB.
System memory in use after: 39.4 MB.

Unloading 3 unused Assets to reduce memory usage. Loaded Objects now: 1604.
Total: 4.888900 ms (FindLiveObjects: 0.573000 ms CreateObjectMapping: 0.223700 ms MarkObjects: 4.017400 ms  DeleteObjects: 0.070400 ms)

AssetImportWorkerClient::OnTransportError - code=2 error=End of file
